<?xml version="1.0" encoding="UTF-8"?>
<!-- Generated by org.testng.reporters.JUnitReportReporter -->
<testsuite hostname="BIMWize3" failures="0" tests="1" name="test.Base" time="0.007" errors="0" timestamp="2023-04-02T09:26:32 EDT" skipped="0">
  <testcase classname="test.Base" name="f" time="0.007"/>
  <system-out/>
</testsuite> <!-- test.Base -->
