<?xml version="1.0" encoding="UTF-8"?>
<!-- Generated by org.testng.reporters.JUnitReportReporter -->
<testsuite hostname="BIMWize3" failures="0" tests="7" name="test.LoginTest" time="2.738" errors="0" timestamp="2023-04-08T09:10:43 EDT" skipped="0">
  <testcase classname="test.LoginTest" name="validateUN" time="0.472"/>
  <system-out/>
  <testcase classname="test.LoginTest" name="validateUN" time="0.465"/>
  <system-out/>
  <testcase classname="test.LoginTest" name="invalidUNValidPW" time="0.399"/>
  <system-out/>
  <testcase classname="test.LoginTest" name="validUNinValidPW" time="0.323"/>
  <system-out/>
  <testcase classname="test.LoginTest" name="validUNinValidPW" time="0.386"/>
  <system-out/>
  <testcase classname="test.LoginTest" name="invalidUNinValidPW" time="0.455"/>
  <system-out/>
  <testcase classname="test.LoginTest" name="validateloginbutton" time="0.238"/>
  <system-out/>
</testsuite> <!-- test.LoginTest -->
