<?xml version="1.0" encoding="UTF-8"?>
<!-- Generated by org.testng.reporters.JUnitReportReporter -->
<testsuite hostname="BIMWize3" failures="0" tests="2" name="test.LandingValidations" time="0.018" errors="0" timestamp="2023-04-08T09:10:43 EDT" skipped="0">
  <testcase classname="test.LandingValidations" name="ValidaeURL" time="0.009"/>
  <system-out/>
  <testcase classname="test.LandingValidations" name="Validatetitle" time="0.009"/>
  <system-out/>
</testsuite> <!-- test.LandingValidations -->
