<?xml version="1.0" encoding="UTF-8"?>
<!-- Generated by org.testng.reporters.JUnitReportReporter -->
<testsuite hostname="BIMWize3" failures="0" tests="1" name="test.MarketingTest" time="0.002" errors="0" timestamp="2023-04-02T11:16:07 EDT" skipped="0">
  <testcase classname="test.MarketingTest" name="f" time="0.002"/>
  <system-out/>
</testsuite> <!-- test.MarketingTest -->
